\BOOKMARK [1][-]{section.1}{Gii thiu nh\363m v\340 ph\342n c\364ng c\364ng vic}{}% 1
\BOOKMARK [2][-]{subsection.1.1}{Gii thiu nh\363m}{section.1}% 2
\BOOKMARK [2][-]{subsection.1.2}{Ph\342n c\364ng c\364ng vic}{section.1}% 3
\BOOKMARK [1][-]{section.2}{Ni dung}{}% 4
\BOOKMARK [2][-]{subsection.2.1}{T\355ch hp d liu - Integration}{section.2}% 5
\BOOKMARK [3][-]{subsubsection.2.1.1}{\320inh ngh\232a s t\355ch hp d liu}{subsection.2.1}% 6
\BOOKMARK [3][-]{subsubsection.2.1.2}{Kim tra nhn din thc th}{subsection.2.1}% 7
\BOOKMARK [3][-]{subsubsection.2.1.3}{Kim tra d liu d tha}{subsection.2.1}% 8
\BOOKMARK [3][-]{subsubsection.2.1.4}{Kim tra m\342u thun d liu}{subsection.2.1}% 9
\BOOKMARK [3][-]{subsubsection.2.1.5}{T\355ch hp d liu}{subsection.2.1}% 10
\BOOKMARK [2][-]{subsection.2.2}{T\363m tt m\364 ta d liu \205 Descriptive data summarization }{section.2}% 11
\BOOKMARK [3][-]{subsubsection.2.2.1}{X\351t thuc t\355nh age}{subsection.2.2}% 12
\BOOKMARK [3][-]{subsubsection.2.2.2}{Five-number summary cua thuc t\355nh age}{subsection.2.2}% 13
\BOOKMARK [3][-]{subsubsection.2.2.3}{Th\364ng tin thuc t\355nh}{subsection.2.2}% 14
\BOOKMARK [3][-]{subsubsection.2.2.4}{\335 ngh\232a cua \040thi trong ca s Explorer}{subsection.2.2}% 15
\BOOKMARK [3][-]{subsubsection.2.2.5}{\320 thi ph\342n b cua c\341c thuc t\355nh c\362n lai}{subsection.2.2}% 16
\BOOKMARK [3][-]{subsubsection.2.2.6}{Nhn x\351t}{subsection.2.2}% 17
\BOOKMARK [3][-]{subsubsection.2.2.7}{\320 thi "scatter"}{subsection.2.2}% 18
\BOOKMARK [3][-]{subsubsection.2.2.8}{Nhng cp thuc t\355nh c\363 ve tng quan vi nhau}{subsection.2.2}% 19
\BOOKMARK [2][-]{subsection.2.3}{Chon loc d liu - Selection}{section.2}% 20
\BOOKMARK [2][-]{subsection.2.4}{L\340m sach d liu - Cleaning}{section.2}% 21
\BOOKMARK [3][-]{subsubsection.2.4.1}{Missing values \(d liu thiu\)}{subsection.2.4}% 22
\BOOKMARK [3][-]{subsubsection.2.4.2}{Noisy data \(d liu nhiu\)}{subsection.2.4}% 23
\BOOKMARK [3][-]{subsubsection.2.4.3}{Outlier data \(d liu ngoai l/ d liu tap\)}{subsection.2.4}% 24
\BOOKMARK [2][-]{subsection.2.5}{Chuyn i d liu - Transformation}{section.2}% 25
\BOOKMARK [3][-]{subsubsection.2.5.1}{X\342y dng thuc t\355nh \205 Attribute construction}{subsection.2.5}% 26
\BOOKMARK [3][-]{subsubsection.2.5.2}{Chun h\363a \205 Normalize}{subsection.2.5}% 27
\BOOKMARK [3][-]{subsubsection.2.5.3}{Chon phng ph\341p chun h\363a}{subsection.2.5}% 28
\BOOKMARK [2][-]{subsection.2.6}{R\372t gon d liu - Reduction}{section.2}% 29
\BOOKMARK [3][-]{subsubsection.2.6.1}{Ly mu d liu vi c\341c b loc Weka}{subsection.2.6}% 30
\BOOKMARK [3][-]{subsubsection.2.6.2}{Kha nang thc hin cua Weka}{subsection.2.6}% 31
\BOOKMARK [1][-]{section.3}{\320\341nh gi\341}{}% 32
\BOOKMARK [1][-]{section*.42}{T\340i liu tham khao}{}% 33
